<?xml version="1.0" encoding="UTF-8"?>
<!-- Generated by org.testng.reporters.JUnitReportReporter -->
<testsuite hostname="DESKTOP-NG0PGDE" failures="0" tests="1" name="com.edureka.PdfReader" time="11.002" errors="0" timestamp="2022-11-18T11:57:21 GMT-05:00" skipped="0">
  <testcase classname="com.edureka.PdfReader" name="ReadPDFFile" time="11.002"/>
  <system-out/>
</testsuite> <!-- com.edureka.PdfReader -->
